<?xml version="1.0" encoding="UTF-8"?>
<robot generator="Robot 5.0 (Python 3.10.4 on win32)" generated="20220512 14:56:54.269" rpa="false" schemaversion="3">
<suite id="s1" name="Verify Valid Credential Suite" source="F:\OpenCart_Project\validation_suite\verify_valid_credential_suite.robot">
<test id="s1-t1" name="Tc1" line="14">
<kw name="Launch Browser" library="CommonFactionality" type="SETUP">
<kw name="Append To Environment Variable" library="OperatingSystem">
<arg>Path</arg>
<arg>${EXECDIR}${/}driver</arg>
<doc>Appends given ``values`` to environment variable ``name``.</doc>
<msg timestamp="20220512 14:56:56.376" level="INFO">Environment variable 'Path' set to value 'C:\Windows\system32;C:\Windows;C:\Windows\System32\Wbem;C:\Windows\System32\WindowsPowerShell\v1.0\;C:\Windows\System32\OpenSSH\;C:\Program Files\nodejs\;E:\Software\jdk-17.0.2\bin;C:\Program Files\Git\cmd;C:\MinGW\bin;C;C:\Users\HP\AppData\Local\Programs\Python\Python310;C:\Users\HP\AppData\Local\Programs\Python\Python310\Scripts;C:\Users\HP\AppData\Local\Programs\Python\Python310\Scripts\;C:\Users\HP\AppData\Local\Programs\Python\Python310\;C:\Users\HP\anaconda3;C:\Users\HP\anaconda3\Library\mingw-w64\bin;C:\Users\HP\anaconda3\Library\usr\bin;C:\Users\HP\anaconda3\Library\bin;C:\Users\HP\anaconda3\Scripts;C:\Users\HP\AppData\Local\Microsoft\WindowsApps;C:\Users\HP\AppData\Roaming\npm;C:\Users\HP\AppData\Local\Programs\Microsoft VS Code\bin;C:\msys64\mingw64\bin;C:\Program Files (x86)\Brackets\;C:\Program Files\JetBrains\PyCharm Community Edition 2022.1\bin;F:\OpenCart_Project\driver'.</msg>
<status status="PASS" starttime="20220512 14:56:56.375" endtime="20220512 14:56:56.376"/>
</kw>
<kw name="Open Browser" library="SeleniumLibrary">
<arg>browser=${BROWSER}</arg>
<doc>Opens a new browser instance to the optional ``url``.</doc>
<msg timestamp="20220512 14:56:56.377" level="INFO">Opening browser 'chrome' to base url 'None'.</msg>
<status status="PASS" starttime="20220512 14:56:56.377" endtime="20220512 14:56:59.152"/>
</kw>
<kw name="Maximize Browser Window" library="SeleniumLibrary">
<doc>Maximizes current browser window.</doc>
<status status="PASS" starttime="20220512 14:56:59.153" endtime="20220512 14:56:59.306"/>
</kw>
<kw name="Set Selenium Implicit Wait" library="SeleniumLibrary">
<arg>30s</arg>
<doc>Sets the implicit wait value used by Selenium.</doc>
<status status="PASS" starttime="20220512 14:56:59.306" endtime="20220512 14:56:59.307"/>
</kw>
<kw name="Set Screenshot Directory" library="SeleniumLibrary">
<arg>${EXECDIR}${/}screenshots</arg>
<doc>Sets the directory for captured screenshots.</doc>
<status status="PASS" starttime="20220512 14:56:59.308" endtime="20220512 14:56:59.308"/>
</kw>
<kw name="Go To" library="SeleniumLibrary">
<arg>url=https://www.opencart.com/</arg>
<doc>Navigates the current browser window to the provided ``url``.</doc>
<msg timestamp="20220512 14:56:59.309" level="INFO">Opening url 'https://www.opencart.com/'</msg>
<status status="PASS" starttime="20220512 14:56:59.308" endtime="20220512 14:57:03.066"/>
</kw>
<status status="PASS" starttime="20220512 14:56:56.375" endtime="20220512 14:57:03.068"/>
</kw>
<kw name="Invalid Credential Template">
<arg>anchal15121999@gmail.com</arg>
<arg>anchal11813497</arg>
<arg>Account</arg>
<kw name="Click Element" library="SeleniumLibrary">
<arg>xpath=//a[@class='btn btn-link navbar-btn']</arg>
<doc>Click the element identified by ``locator``.</doc>
<msg timestamp="20220512 14:57:03.071" level="INFO">Clicking element 'xpath=//a[@class='btn btn-link navbar-btn']'.</msg>
<status status="PASS" starttime="20220512 14:57:03.070" endtime="20220512 14:57:04.834"/>
</kw>
<kw name="Input Text" library="SeleniumLibrary">
<arg>id=input-email</arg>
<arg>${username}</arg>
<doc>Types the given ``text`` into the text field identified by ``locator``.</doc>
<msg timestamp="20220512 14:57:04.835" level="INFO">Typing text 'anchal15121999@gmail.com' into text field 'id=input-email'.</msg>
<status status="PASS" starttime="20220512 14:57:04.835" endtime="20220512 14:57:05.136"/>
</kw>
<kw name="Input Password" library="SeleniumLibrary">
<arg>id=input-password</arg>
<arg>${password}</arg>
<doc>Types the given password into the text field identified by ``locator``.</doc>
<msg timestamp="20220512 14:57:05.137" level="INFO">Typing password into text field 'id=input-password'.</msg>
<msg timestamp="20220512 14:57:05.300" level="INFO">Temporally setting log level to: NONE</msg>
<msg timestamp="20220512 14:57:05.425" level="INFO">Log level changed from NONE to INFO.</msg>
<status status="PASS" starttime="20220512 14:57:05.137" endtime="20220512 14:57:05.426"/>
</kw>
<kw name="Click Element" library="SeleniumLibrary">
<arg>xpath=//button[text()='Login']</arg>
<doc>Click the element identified by ``locator``.</doc>
<msg timestamp="20220512 14:57:05.426" level="INFO">Clicking element 'xpath=//button[text()='Login']'.</msg>
<status status="PASS" starttime="20220512 14:57:05.426" endtime="20220512 14:57:10.869"/>
</kw>
<kw name="Input Text" library="SeleniumLibrary">
<arg>id=input-pin</arg>
<arg>9190</arg>
<doc>Types the given ``text`` into the text field identified by ``locator``.</doc>
<msg timestamp="20220512 14:57:10.870" level="INFO">Typing text '9190' into text field 'id=input-pin'.</msg>
<status status="PASS" starttime="20220512 14:57:10.869" endtime="20220512 14:57:11.066"/>
</kw>
<kw name="Click Element" library="SeleniumLibrary">
<arg>xpath=//button[text()='Continue']</arg>
<doc>Click the element identified by ``locator``.</doc>
<msg timestamp="20220512 14:57:11.067" level="INFO">Clicking element 'xpath=//button[text()='Continue']'.</msg>
<status status="PASS" starttime="20220512 14:57:11.067" endtime="20220512 14:57:13.640"/>
</kw>
<kw name="Page Should Contain" library="SeleniumLibrary">
<arg>${expected_value}</arg>
<doc>Verifies that current page contains ``text``.</doc>
<msg timestamp="20220512 14:57:13.674" level="INFO">Current page contains text 'Account'.</msg>
<status status="PASS" starttime="20220512 14:57:13.641" endtime="20220512 14:57:13.675"/>
</kw>
<status status="PASS" starttime="20220512 14:57:03.069" endtime="20220512 14:57:13.675"/>
</kw>
<kw name="Close Browser" library="SeleniumLibrary" type="TEARDOWN">
<doc>Closes the current browser.</doc>
<status status="PASS" starttime="20220512 14:57:13.676" endtime="20220512 14:57:16.038"/>
</kw>
<status status="PASS" starttime="20220512 14:56:56.371" endtime="20220512 14:57:16.040"/>
</test>
<test id="s1-t2" name="Tc1" line="14">
<kw name="Launch Browser" library="CommonFactionality" type="SETUP">
<kw name="Append To Environment Variable" library="OperatingSystem">
<arg>Path</arg>
<arg>${EXECDIR}${/}driver</arg>
<doc>Appends given ``values`` to environment variable ``name``.</doc>
<msg timestamp="20220512 14:57:16.062" level="INFO">Environment variable 'Path' set to value 'C:\Windows\system32;C:\Windows;C:\Windows\System32\Wbem;C:\Windows\System32\WindowsPowerShell\v1.0\;C:\Windows\System32\OpenSSH\;C:\Program Files\nodejs\;E:\Software\jdk-17.0.2\bin;C:\Program Files\Git\cmd;C:\MinGW\bin;C;C:\Users\HP\AppData\Local\Programs\Python\Python310;C:\Users\HP\AppData\Local\Programs\Python\Python310\Scripts;C:\Users\HP\AppData\Local\Programs\Python\Python310\Scripts\;C:\Users\HP\AppData\Local\Programs\Python\Python310\;C:\Users\HP\anaconda3;C:\Users\HP\anaconda3\Library\mingw-w64\bin;C:\Users\HP\anaconda3\Library\usr\bin;C:\Users\HP\anaconda3\Library\bin;C:\Users\HP\anaconda3\Scripts;C:\Users\HP\AppData\Local\Microsoft\WindowsApps;C:\Users\HP\AppData\Roaming\npm;C:\Users\HP\AppData\Local\Programs\Microsoft VS Code\bin;C:\msys64\mingw64\bin;C:\Program Files (x86)\Brackets\;C:\Program Files\JetBrains\PyCharm Community Edition 2022.1\bin;F:\OpenCart_Project\driver;F:\OpenCart_Project\driver'.</msg>
<status status="PASS" starttime="20220512 14:57:16.061" endtime="20220512 14:57:16.063"/>
</kw>
<kw name="Open Browser" library="SeleniumLibrary">
<arg>browser=${BROWSER}</arg>
<doc>Opens a new browser instance to the optional ``url``.</doc>
<msg timestamp="20220512 14:57:16.065" level="INFO">Opening browser 'chrome' to base url 'None'.</msg>
<status status="PASS" starttime="20220512 14:57:16.063" endtime="20220512 14:57:18.118"/>
</kw>
<kw name="Maximize Browser Window" library="SeleniumLibrary">
<doc>Maximizes current browser window.</doc>
<status status="PASS" starttime="20220512 14:57:18.119" endtime="20220512 14:57:18.282"/>
</kw>
<kw name="Set Selenium Implicit Wait" library="SeleniumLibrary">
<arg>30s</arg>
<doc>Sets the implicit wait value used by Selenium.</doc>
<status status="PASS" starttime="20220512 14:57:18.282" endtime="20220512 14:57:18.300"/>
</kw>
<kw name="Set Screenshot Directory" library="SeleniumLibrary">
<arg>${EXECDIR}${/}screenshots</arg>
<doc>Sets the directory for captured screenshots.</doc>
<status status="PASS" starttime="20220512 14:57:18.300" endtime="20220512 14:57:18.301"/>
</kw>
<kw name="Go To" library="SeleniumLibrary">
<arg>url=https://www.opencart.com/</arg>
<doc>Navigates the current browser window to the provided ``url``.</doc>
<msg timestamp="20220512 14:57:18.302" level="INFO">Opening url 'https://www.opencart.com/'</msg>
<status status="PASS" starttime="20220512 14:57:18.302" endtime="20220512 14:57:21.093"/>
</kw>
<status status="PASS" starttime="20220512 14:57:16.059" endtime="20220512 14:57:21.093"/>
</kw>
<kw name="Invalid Credential Template">
<arg>anchal15121999@gmail.com</arg>
<arg>anchal11813497</arg>
<arg>Purchases</arg>
<kw name="Click Element" library="SeleniumLibrary">
<arg>xpath=//a[@class='btn btn-link navbar-btn']</arg>
<doc>Click the element identified by ``locator``.</doc>
<msg timestamp="20220512 14:57:21.099" level="INFO">Clicking element 'xpath=//a[@class='btn btn-link navbar-btn']'.</msg>
<status status="PASS" starttime="20220512 14:57:21.097" endtime="20220512 14:57:22.502"/>
</kw>
<kw name="Input Text" library="SeleniumLibrary">
<arg>id=input-email</arg>
<arg>${username}</arg>
<doc>Types the given ``text`` into the text field identified by ``locator``.</doc>
<msg timestamp="20220512 14:57:22.503" level="INFO">Typing text 'anchal15121999@gmail.com' into text field 'id=input-email'.</msg>
<status status="PASS" starttime="20220512 14:57:22.502" endtime="20220512 14:57:22.675"/>
</kw>
<kw name="Input Password" library="SeleniumLibrary">
<arg>id=input-password</arg>
<arg>${password}</arg>
<doc>Types the given password into the text field identified by ``locator``.</doc>
<msg timestamp="20220512 14:57:22.676" level="INFO">Typing password into text field 'id=input-password'.</msg>
<msg timestamp="20220512 14:57:22.770" level="INFO">Temporally setting log level to: NONE</msg>
<msg timestamp="20220512 14:57:22.907" level="INFO">Log level changed from NONE to INFO.</msg>
<status status="PASS" starttime="20220512 14:57:22.675" endtime="20220512 14:57:22.908"/>
</kw>
<kw name="Click Element" library="SeleniumLibrary">
<arg>xpath=//button[text()='Login']</arg>
<doc>Click the element identified by ``locator``.</doc>
<msg timestamp="20220512 14:57:22.909" level="INFO">Clicking element 'xpath=//button[text()='Login']'.</msg>
<status status="PASS" starttime="20220512 14:57:22.908" endtime="20220512 14:57:28.005"/>
</kw>
<kw name="Input Text" library="SeleniumLibrary">
<arg>id=input-pin</arg>
<arg>9190</arg>
<doc>Types the given ``text`` into the text field identified by ``locator``.</doc>
<msg timestamp="20220512 14:57:28.007" level="INFO">Typing text '9190' into text field 'id=input-pin'.</msg>
<status status="PASS" starttime="20220512 14:57:28.006" endtime="20220512 14:57:28.135"/>
</kw>
<kw name="Click Element" library="SeleniumLibrary">
<arg>xpath=//button[text()='Continue']</arg>
<doc>Click the element identified by ``locator``.</doc>
<msg timestamp="20220512 14:57:28.136" level="INFO">Clicking element 'xpath=//button[text()='Continue']'.</msg>
<status status="PASS" starttime="20220512 14:57:28.135" endtime="20220512 14:57:30.556"/>
</kw>
<kw name="Page Should Contain" library="SeleniumLibrary">
<arg>${expected_value}</arg>
<doc>Verifies that current page contains ``text``.</doc>
<msg timestamp="20220512 14:57:30.574" level="INFO">Current page contains text 'Purchases'.</msg>
<status status="PASS" starttime="20220512 14:57:30.556" endtime="20220512 14:57:30.575"/>
</kw>
<status status="PASS" starttime="20220512 14:57:21.095" endtime="20220512 14:57:30.575"/>
</kw>
<kw name="Close Browser" library="SeleniumLibrary" type="TEARDOWN">
<doc>Closes the current browser.</doc>
<status status="PASS" starttime="20220512 14:57:30.576" endtime="20220512 14:57:32.867"/>
</kw>
<status status="PASS" starttime="20220512 14:57:16.050" endtime="20220512 14:57:32.869"/>
</test>
<doc>This suite will handle invalid credential
test - TC_OH_3</doc>
<status status="PASS" starttime="20220512 14:56:54.273" endtime="20220512 14:57:32.877"/>
</suite>
<statistics>
<total>
<stat pass="2" fail="0" skip="0">All Tests</stat>
</total>
<tag>
</tag>
<suite>
<stat pass="2" fail="0" skip="0" id="s1" name="Verify Valid Credential Suite">Verify Valid Credential Suite</stat>
</suite>
</statistics>
<errors>
<msg timestamp="20220512 14:57:16.047" level="WARN">Multiple tests with name 'Tc1' executed in suite 'Verify Valid Credential Suite'.</msg>
</errors>
</robot>
